=================================================
Type1MET corrections are switched off for other  
jet types but CaloJets. Users are recommened to  
use pfMET together with PFJets & tcMET together  
with JPT jets.                                   
=================================================
!!!!
--------
 Taus:  cms.InputTag("shrinkingConePFTauProducer") -> cms.InputTag("hpsPFTauProducer")
MMMTosDiMuons charge==0&&leg1.isGlobalMuon()&&leg2.isGlobalMuon()&& mass>40 && abs(leg1.eta())<2.4 && abs(leg2.eta())<2.4
MMMTzzMuID leg1.leg1.isGlobalMuon()&&leg1.leg1.isTrackerMuon()&&leg1.leg2.isTrackerMuon()&&leg1.leg2.isTrackerMuon()
MMMTzzMuIso (leg1.leg1.chargedHadronIso()+max(leg1.leg1.photonIso()+leg1.leg1.neutralHadronIso()-0.5*leg1.leg1.userIso(0),0.0))/leg1.leg1.pt()<0.25&&(leg1.leg2.chargedHadronIso()+max(leg1.leg2.photonIso()+leg1.leg2.neutralHadronIso()-0.5*leg1.leg2.userIso(0),0.0))/leg1.leg2.pt()<0.25
MMMTzzMuID2 leg2.leg1.isGlobalMuon()&&leg2.leg1.isTrackerMuon()
MMMTzzTauID leg2.leg2.tauID("decayModeFinding")
MMMTzzTauDiscr leg2.leg2.tauID("againstElectronLoose")&&leg2.leg2.tauID("againstMuonTight")
MMMTzzMuIso2 (leg2.leg1.chargedHadronIso()+max(leg2.leg1.photonIso()+leg2.leg1.neutralHadronIso()-0.5*leg2.leg1.userIso(0),0.0))/leg2.leg1.pt()<0.15
MMMTzzTauIso leg2.leg2.tauID("byLooseCombinedIsolationDeltaBetaCorr")
MMMTzzdZ abs(leg1.z1-leg1.z2)<0.1&&abs(leg1.z1-leg2.z1)<0.1&&abs(leg1.z1-leg2.z2)<0.1
MMMTzzCleanedCandsAboveThreshold leg1().leg1().pt()>20 && leg1().leg2().pt()>10 && leg2().leg1().pt()>10 &&leg2().leg2().pt()>20 && abs(leg2.leg1.eta())<2.4 && abs(leg2.leg2.eta())<2.3
MMMTzzCleanedCandsMuTauQ leg2.charge()==0
MMMTzzCleanedCandsMMMass leg1.mass()>60&&leg1.mass()<120
MMMTzzCleanedCandsMTMass leg2.mass()>30&&leg2.mass()<80
MMTTosDiMuons charge==0&&leg1.isGlobalMuon()&&leg2.isGlobalMuon()&& mass>40 && abs(leg1.eta())<2.4 && abs(leg2.eta())<2.4
MMTTzzMuID leg1.leg1.isGlobalMuon()&&leg1.leg1.isTrackerMuon()&&leg1.leg2.isTrackerMuon()&&leg1.leg2.isTrackerMuon()
MMTTzzMuIso (leg1.leg1.chargedHadronIso()+max(leg1.leg1.photonIso()+leg1.leg1.neutralHadronIso()-0.5*leg1.leg1.userIso(0),0.0))/leg1.leg1.pt()<0.25&&(leg1.leg2.chargedHadronIso()+max(leg1.leg2.photonIso()+leg1.leg2.neutralHadronIso()-0.5*leg1.leg2.userIso(0),0.0))/leg1.leg2.pt()<0.25
MMTTzzTauID leg2.leg1.tauID("decayModeFinding")&&leg2.leg2.tauID("decayModeFinding")
MMTTzzTauDiscr leg2.leg1.tauID("againstElectronLoose")&&leg2.leg1.tauID("againstMuonLoose")&&leg2.leg2.tauID("againstElectronLoose")&&leg2.leg2.tauID("againstMuonLoose")
MMTTzzTauIso leg2.leg1.tauID("byMediumCombinedIsolationDeltaBetaCorr")&&leg2.leg2.tauID("byMediumCombinedIsolationDeltaBetaCorr")
MMTTzzdZ abs(leg1.z1-leg1.z2)<0.1&&abs(leg1.z1-leg2.z1)<0.1&&abs(leg1.z1-leg2.z2)<0.1
MMTTzzCleanedCandsAboveThreshold leg1().leg1().pt()>20 && leg1().leg2().pt()>10 && leg2().leg1().pt()>20 &&leg2().leg2().pt()>20  && abs(leg2.leg1.eta())<2.3  && abs(leg2.leg2.eta())<2.3
MMTTzzCleanedCandsHt leg2.leg2.pt()+leg2.leg1.pt()>40
MMTTzzCleanedCandsTauTauQ leg2.charge()==0
MMTTzzCleanedCandsMMMass leg1.mass()>60&&leg1.mass()<120
MMTTzzCleanedCandsTTMass leg2.mass()>30&&leg2.mass()<80
MMETosDiMuons charge==0&&leg1.isGlobalMuon()&&leg2.isGlobalMuon()&& mass>40 && abs(leg1.eta())<2.4 && abs(leg2.eta())<2.4
MMETzzCleanedMuID leg1.leg1.isGlobalMuon()&&leg1.leg1.isTrackerMuon()&&leg1.leg2.isTrackerMuon()&&leg1.leg2.isTrackerMuon()
MMETzzMuIso (leg1.leg1.chargedHadronIso()+max(leg1.leg1.photonIso()+leg1.leg1.neutralHadronIso()-0.5*leg1.leg1.userIso(0),0.0))/leg1.leg1.pt()<0.25&&(leg1.leg2.chargedHadronIso()+max(leg1.leg2.photonIso()+leg1.leg2.neutralHadronIso()-0.5*leg1.leg2.userIso(0),0.0))/leg1.leg2.pt()<0.25
MMETzzCleanedEleID (leg2.leg1.electronID("cicTight")==1||leg2.leg1.electronID("cicTight")==3||leg2.leg1.electronID("cicTight")==5||leg2.leg1.electronID("cicTight")==7||leg2.leg1.electronID("cicTight")==9||leg2.leg1.electronID("cicTight")==11||leg2.leg1.electronID("cicTight")==13||leg2.leg1.electronID("cicTight")==15)
MMETzzTauID leg2.leg2.tauID("decayModeFinding")
MMETzzCleanedEleIso (leg2.leg1.chargedHadronIso()+max(leg2.leg1.photonIso()+leg2.leg1.neutralHadronIso()-0.5*leg2.leg1.userIso(0),0.0))/leg2.leg1.pt()<0.10
MMETzzTauIso leg2.leg2.tauID("byLooseCombinedIsolationDeltaBetaCorr")
MMETzzdZ abs(leg1.z1-leg1.z2)<0.1&&abs(leg1.z1-leg2.z1)<0.1&&abs(leg1.z1-leg2.z2)<0.1
MMETzzCleanedCandsAboveThreshold leg1().leg1().pt()>20 && leg1().leg2().pt()>10 && leg2().leg1().pt()>10 &&leg2().leg2().pt()>20 && abs(leg2.leg1.eta())<2.5 && abs(leg2.leg2.eta())<2.3
MMETzzTauDiscr leg2.leg2.tauID("againstElectronLoose")&&leg2.leg2.tauID("againstMuonTight")
MMETzzCleanedCandsETauQ leg2.charge()==0
MMETzzCleanedCandsMMMass leg1.mass()>60&&leg1.mass()<120
MMETzzCleanedCandsETMass leg2.mass()>30&&leg2.mass()<80
MMEMosDiMuons charge==0&&leg1.isGlobalMuon()&&leg2.isGlobalMuon()&& mass>40 && abs(leg1.eta())<2.4 && abs(leg2.eta())<2.4
MMEMzzCleanedMuID leg1.leg1.isGlobalMuon()&&leg1.leg1.isTrackerMuon()&&leg1.leg2.isTrackerMuon()&&leg1.leg2.isTrackerMuon()
MMEMzzMuIso (leg1.leg1.chargedHadronIso()+max(leg1.leg1.photonIso()+leg1.leg1.neutralHadronIso()-0.5*leg1.leg1.userIso(0),0.0))/leg1.leg1.pt()<0.25&&(leg1.leg2.chargedHadronIso()+max(leg1.leg2.photonIso()+leg1.leg2.neutralHadronIso()-0.5*leg1.leg2.userIso(0),0.0))/leg1.leg2.pt()<0.25
MMEMzzCleanedThirdMuID leg2.leg2.isGlobalMuon()&&leg2.leg2.isTrackerMuon()
MMEMzzEleId (leg2.leg1.electronID("cicTight")==1||leg2.leg1.electronID("cicTight")==3||leg2.leg1.electronID("cicTight")==5||leg2.leg1.electronID("cicTight")==7||leg2.leg1.electronID("cicTight")==9||leg2.leg1.electronID("cicTight")==11||leg2.leg1.electronID("cicTight")==13||leg2.leg1.electronID("cicTight")==15)
MMEMzzEleIso (leg2.leg1.chargedHadronIso()+max(leg2.leg1.photonIso()+leg2.leg1.neutralHadronIso()-0.5*leg2.leg1.userIso(0),0.0))/leg2.leg1.pt()<0.25
MMEMzzMuIso2 (leg2.leg2.chargedHadronIso()+max(leg2.leg2.photonIso()+leg2.leg2.neutralHadronIso()-0.5*leg2.leg2.userIso(0),0.0))/leg2.leg2.pt()<0.25
MMEMzzdZ abs(leg1.z1-leg1.z2)<0.1&&abs(leg1.z1-leg2.z1)<0.1&&abs(leg1.z1-leg2.z2)<0.1
MMEMzzCleanedCandsAboveThreshold leg1().leg1().pt()>20 && leg1().leg2().pt()>10 && leg2().leg1().pt()>10 && leg2().leg2().pt()>10 && abs(leg2.leg1.eta())<2.5 && abs(leg2.leg2.eta())<2.4
MMEMzzCleanedCandsEMuQ leg2.charge()==0
MMEMzzCleanedCandsMMMass leg1.mass()>60&&leg1.mass()<120
MMEMzzCleanedCandsETMass leg2.mass()<90
MMEEosDiMuons charge==0&&leg1.isGlobalMuon()&&leg2.isGlobalMuon()&& mass>40 && abs(leg1.eta())<2.4 && abs(leg2.eta())<2.4
MMEEzzCleanedMuID leg1.leg1.isGlobalMuon()&&leg1.leg1.isTrackerMuon()&&leg1.leg2.isTrackerMuon()&&leg1.leg2.isTrackerMuon()
MMEEzzMuIso (leg1.leg1.chargedHadronIso()+max(leg1.leg1.photonIso()+leg1.leg1.neutralHadronIso()-0.5*leg1.leg1.userIso(0),0.0))/leg1.leg1.pt()<0.25&&(leg1.leg2.chargedHadronIso()+max(leg1.leg2.photonIso()+leg1.leg2.neutralHadronIso()-0.5*leg1.leg2.userIso(0),0.0))/leg1.leg2.pt()<0.25
MMEEzzEleId ((leg2.leg1.electronID("cicTight")==1||leg2.leg1.electronID("cicTight")==3||leg2.leg1.electronID("cicTight")==5||leg2.leg1.electronID("cicTight")==7||leg2.leg1.electronID("cicTight")==9||leg2.leg1.electronID("cicTight")==11||leg2.leg1.electronID("cicTight")==13||leg2.leg1.electronID("cicTight")==15)&&(leg2.leg2.electronID("cicTight")==1||leg2.leg2.electronID("cicTight")==3||leg2.leg2.electronID("cicTight")==5||leg2.leg2.electronID("cicTight")==7||leg2.leg2.electronID("cicTight")==9||leg2.leg2.electronID("cicTight")==11||leg2.leg1.electronID("cicTight")==13||leg2.leg2.electronID("cicTight")==15))
MMEEzzEleIso (leg2.leg1.chargedHadronIso()+max(leg2.leg1.photonIso()+leg2.leg1.neutralHadronIso()-0.5*leg2.leg1.userIso(0),0.0))/leg2.leg1.pt()<0.25&&(leg2.leg2.chargedHadronIso()+max(leg2.leg2.photonIso()+leg2.leg2.neutralHadronIso()-0.5*leg2.leg2.userIso(0),0.0))/leg2.leg2.pt()<0.25
MMEEzzdZ abs(leg1.z1-leg1.z2)<0.1&&abs(leg1.z1-leg2.z1)<0.1&&abs(leg1.z1-leg2.z2)<0.1
MMEEzzCleanedCandsAboveThreshold leg1().leg1().pt()>20 && leg1().leg2().pt()>10 && leg2().leg1().pt()>7 &&leg2().leg2().pt()>7 && abs(leg2.leg1.eta())<2.5 && abs(leg2.leg2.eta())<2.5
MMEEzzCleanedCandsEleEleQ leg2.charge()==0
MMMMosDiMuons charge==0&&leg1.isGlobalMuon()&&leg2.isGlobalMuon()&& mass>40 && abs(leg1.eta())<2.4 && abs(leg2.eta())<2.4
MMMMzzCleanedMuID leg1.leg1.isGlobalMuon()&&leg1.leg1.isTrackerMuon()&&leg1.leg2.isTrackerMuon()&&leg1.leg2.isTrackerMuon()
MMMMzzMuIso (leg1.leg1.chargedHadronIso()+max(leg1.leg1.photonIso()+leg1.leg1.neutralHadronIso()-0.5*leg1.leg1.userIso(0),0.0))/leg1.leg1.pt()<0.25&&(leg1.leg2.chargedHadronIso()+max(leg1.leg2.photonIso()+leg1.leg2.neutralHadronIso()-0.5*leg1.leg2.userIso(0),0.0))/leg1.leg2.pt()<0.25
MMMMzzMuIDSecondPair leg2.leg1.isGlobalMuon()&&leg2.leg2.isGlobalMuon()&&leg2.leg1.isTrackerMuon()&&leg2.leg2.isTrackerMuon()
MMMMzzMuIso2 (leg2.leg1.chargedHadronIso()+max(leg2.leg1.photonIso()+leg2.leg1.neutralHadronIso()-0.5*leg2.leg1.userIso(0),0.0))/leg2.leg1.pt()<0.25&&(leg2.leg2.chargedHadronIso()+max(leg2.leg2.photonIso()+leg2.leg2.neutralHadronIso()-0.5*leg2.leg2.userIso(0),0.0))/leg2.leg2.pt()<0.25
MMMMzzdZ abs(leg1.z1-leg1.z2)<0.1&&abs(leg1.z1-leg2.z1)<0.1&&abs(leg1.z1-leg2.z2)<0.1
MMMMzzCleanedCandsAboveThreshold leg1().leg1().pt()>20 && leg1().leg2().pt()>10 && leg2().leg1().pt()>5 &&leg2().leg2().pt()>5 && abs(leg2.leg1.eta())<2.4 && abs(leg2.leg2.eta())<2.4
MMMMzzCleanedCandsMuMuQ leg2.charge()==0
EEMTosDiElectrons leg1.gsfTrack().trackerExpectedHitsInner().numberOfHits()<2&&leg2.gsfTrack().trackerExpectedHitsInner().numberOfHits()<2&&(leg1.electronID("cicTight")==1||leg1.electronID("cicTight")==3||leg1.electronID("cicTight")==5||leg1.electronID("cicTight")==7||leg1.electronID("cicTight")==9||leg1.electronID("cicTight")==11||leg1.electronID("cicTight")==13||leg1.electronID("cicTight")==15)&&(leg2.electronID("cicTight")==1||leg2.electronID("cicTight")==3||leg2.electronID("cicTight")==5||leg2.electronID("cicTight")==7||leg2.electronID("cicTight")==9||leg2.electronID("cicTight")==11||leg2.electronID("cicTight")==13||leg2.electronID("cicTight")==15)&&charge==0&&mass>40&&abs(leg1.eta())<2.5&&abs(leg2.eta())<2.5
EEMTzzEleIso (leg1.leg1.chargedHadronIso()+max(leg1.leg1.photonIso()+leg1.leg1.neutralHadronIso()-0.5*leg1.leg1.userIso(0),0.0))/leg1.leg1.pt()<0.25&&(leg1.leg2.chargedHadronIso()+max(leg1.leg2.photonIso()+leg1.leg2.neutralHadronIso()-0.5*leg1.leg2.userIso(0),0.0))/leg1.leg2.pt()<0.25
EEMTzzCleanedmuID leg2.leg1.isGlobalMuon()&&leg2.leg1.isTrackerMuon()
EEMTzzTauID leg2.leg2.tauID("decayModeFinding")
EEMTzzMuIso (leg2.leg1.chargedHadronIso()+max(leg2.leg1.photonIso()+leg2.leg1.neutralHadronIso()-0.5*leg2.leg1.userIso(0),0.0))/leg2.leg1.pt()<0.15
EEMTzzTauIso leg2.leg2.tauID("byLooseCombinedIsolationDeltaBetaCorr")
EEMTzzdZ abs(leg1.z1-leg1.z2)<0.1&&abs(leg1.z1-leg2.z1)<0.1&&abs(leg1.z1-leg2.z2)<0.1
EEMTzzCleanedCandsAboveThreshold leg1().leg1().pt()>20 && leg1().leg2().pt()>10 && leg2().leg1().pt()>10 &&leg2().leg2().pt()>20 && abs(leg2.leg1.eta())<2.4 && abs(leg2.leg2.eta())<2.3
EEMTzzCleanedCandsMuRej leg2.leg2.tauID("againstMuonTight")&&leg2.leg2.tauID("againstElectronLoose")
EEMTzzCleanedCandsMuTauQ leg2.charge()==0
EEMTzzCleanedCandsEEMass leg1.mass()>60&&leg1.mass()<120
EEMTzzCleanedCandsMTMass leg2.mass()>30&&leg2.mass()<80
EEETosDiElectrons leg1.gsfTrack().trackerExpectedHitsInner().numberOfHits()<2&&leg2.gsfTrack().trackerExpectedHitsInner().numberOfHits()<2&&(leg1.electronID("cicTight")==1||leg1.electronID("cicTight")==3||leg1.electronID("cicTight")==5||leg1.electronID("cicTight")==7||leg1.electronID("cicTight")==9||leg1.electronID("cicTight")==11||leg1.electronID("cicTight")==13||leg1.electronID("cicTight")==15)&&(leg2.electronID("cicTight")==1||leg2.electronID("cicTight")==3||leg2.electronID("cicTight")==5||leg2.electronID("cicTight")==7||leg2.electronID("cicTight")==9||leg2.electronID("cicTight")==11||leg2.electronID("cicTight")==13||leg2.electronID("cicTight")==15)&&charge==0&&mass>40&&abs(leg1.eta())<2.5&&abs(leg2.eta())<2.5
EEETzzEleIso (leg1.leg1.chargedHadronIso()+max(leg1.leg1.photonIso()+leg1.leg1.neutralHadronIso()-0.5*leg1.leg1.userIso(0),0.0))/leg1.leg1.pt()<0.25&&(leg1.leg2.chargedHadronIso()+max(leg1.leg2.photonIso()+leg1.leg2.neutralHadronIso()-0.5*leg1.leg2.userIso(0),0.0))/leg1.leg2.pt()<0.25
EEETzzCleanedThirdeleID (leg2.leg1.electronID("cicTight")==1||leg2.leg1.electronID("cicTight")==3||leg2.leg1.electronID("cicTight")==5||leg2.leg1.electronID("cicTight")==7||leg2.leg1.electronID("cicTight")==9||leg2.leg1.electronID("cicTight")==11||leg2.leg1.electronID("cicTight")==13||leg2.leg1.electronID("cicTight")==15)
EEETzzTauID leg2.leg2.tauID("decayModeFinding")
EEETzzEleIso2 (leg2.leg1.chargedHadronIso()+max(leg2.leg1.photonIso()+leg2.leg1.neutralHadronIso()-0.5*leg2.leg1.userIso(0),0.0))/leg2.leg1.pt()<0.10
EEETzzTauIso leg2.leg2.tauID("byLooseCombinedIsolationDeltaBetaCorr")
EEETzzdZ abs(leg1.z1-leg1.z2)<0.1&&abs(leg1.z1-leg2.z1)<0.1&&abs(leg1.z1-leg2.z2)<0.1
EEETzzCleanedCandsAboveThreshold leg1().leg1().pt()>20 && leg1().leg2().pt()>10 && leg2().leg1().pt()>10 &&leg2().leg2().pt()>20 && abs(leg2.leg1.eta())<2.5 && abs(leg2.leg2.eta())<2.3
EEETzzCleanedCandsLepRej leg2.leg2.tauID("againstMuonLoose")&&leg2.leg2.tauID("againstElectronLoose")
EEETzzCleanedCandsETauQ leg2.charge()==0
EEETzzCleanedCandsEEMass leg1.mass()>60&&leg1.mass()<120
EEETzzCleanedCandsETMass leg2.mass()>30&&leg2.mass()<80
EETTosDiElectrons leg1.gsfTrack().trackerExpectedHitsInner().numberOfHits()<2&&leg2.gsfTrack().trackerExpectedHitsInner().numberOfHits()<2&&(leg1.electronID("cicTight")==1||leg1.electronID("cicTight")==3||leg1.electronID("cicTight")==5||leg1.electronID("cicTight")==7||leg1.electronID("cicTight")==9||leg1.electronID("cicTight")==11||leg1.electronID("cicTight")==13||leg1.electronID("cicTight")==15)&&(leg2.electronID("cicTight")==1||leg2.electronID("cicTight")==3||leg2.electronID("cicTight")==5||leg2.electronID("cicTight")==7||leg2.electronID("cicTight")==9||leg2.electronID("cicTight")==11||leg2.electronID("cicTight")==13||leg2.electronID("cicTight")==15)&&charge==0&&mass>40&&abs(leg1.eta())<2.5&&abs(leg2.eta())<2.5
EETTzzEleIso (leg1.leg1.chargedHadronIso()+max(leg1.leg1.photonIso()+leg1.leg1.neutralHadronIso()-0.5*leg1.leg1.userIso(0),0.0))/leg1.leg1.pt()<0.25&&(leg1.leg2.chargedHadronIso()+max(leg1.leg2.photonIso()+leg1.leg2.neutralHadronIso()-0.5*leg1.leg2.userIso(0),0.0))/leg1.leg2.pt()<0.25
EETTzzTauID leg2.leg1.tauID("decayModeFinding")&&leg2.leg2.tauID("decayModeFinding")
EETTzzTauIso leg2.leg1.tauID("byMediumCombinedIsolationDeltaBetaCorr")&&leg2.leg2.tauID("byMediumCombinedIsolationDeltaBetaCorr")
EETTzzdZ abs(leg1.z1-leg1.z2)<0.1&&abs(leg1.z1-leg2.z1)<0.1&&abs(leg1.z1-leg2.z2)<0.1
EETTzzCleanedCandsAboveThreshold leg1().leg1().pt()>20 && leg1().leg2().pt()>10 && leg2().leg1().pt()>20 &&leg2().leg2().pt()>20 && abs(leg2.leg1.eta())<2.3 && abs(leg2.leg2.eta())<2.3
EETTzzCleanedCandsLepRej leg2.leg1.tauID("againstMuonLoose")&&leg2.leg2.tauID("againstMuonLoose")&&leg2.leg1.tauID("againstElectronLoose")&&leg2.leg2.tauID("againstElectronLoose")
EETTzzCleanedCandsTauTauQ leg2.charge()==0
EETTzzCleanedCandsEEMass leg1.mass()>60&&leg1.mass()<120
EETTzzCleanedCandsTTMass leg2.mass()>30&&leg2.mass()<80
EEEMosDiElectrons leg1.gsfTrack().trackerExpectedHitsInner().numberOfHits()<2&&leg2.gsfTrack().trackerExpectedHitsInner().numberOfHits()<2&&(leg1.electronID("cicTight")==1||leg1.electronID("cicTight")==3||leg1.electronID("cicTight")==5||leg1.electronID("cicTight")==7||leg1.electronID("cicTight")==9||leg1.electronID("cicTight")==11||leg1.electronID("cicTight")==13||leg1.electronID("cicTight")==15)&&(leg2.electronID("cicTight")==1||leg2.electronID("cicTight")==3||leg2.electronID("cicTight")==5||leg2.electronID("cicTight")==7||leg2.electronID("cicTight")==9||leg2.electronID("cicTight")==11||leg2.electronID("cicTight")==13||leg2.electronID("cicTight")==15)&&charge==0&&mass>40&&abs(leg1.eta())<2.5&&abs(leg2.eta())<2.5
EEEMzzEleIso (leg1.leg1.chargedHadronIso()+max(leg1.leg1.photonIso()+leg1.leg1.neutralHadronIso()-0.5*leg1.leg1.userIso(0),0.0))/leg1.leg1.pt()<0.25&&(leg1.leg2.chargedHadronIso()+max(leg1.leg2.photonIso()+leg1.leg2.neutralHadronIso()-0.5*leg1.leg2.userIso(0),0.0))/leg1.leg2.pt()<0.25
EEEMzzCleanedThirdeleID (leg2.leg1.electronID("cicTight")==1||leg2.leg1.electronID("cicTight")==3||leg2.leg1.electronID("cicTight")==5||leg2.leg1.electronID("cicTight")==7||leg2.leg1.electronID("cicTight")==9||leg2.leg1.electronID("cicTight")==11||leg2.leg1.electronID("cicTight")==13||leg2.leg1.electronID("cicTight")==15)
EEEMzzMuID leg2.leg2.isGlobalMuon()&&leg2.leg2.isTrackerMuon()
EEEMzzEleIso2 (leg2.leg1.chargedHadronIso()+max(leg2.leg1.photonIso()+leg2.leg1.neutralHadronIso()-0.5*leg2.leg1.userIso(0),0.0))/leg2.leg1.pt()<0.25
EEEMzzMuIso2 (leg2.leg2.chargedHadronIso()+max(leg2.leg2.photonIso()+leg2.leg2.neutralHadronIso()-0.5*leg2.leg2.userIso(0),0.0))/leg2.leg2.pt()<0.25
EEEMzzCleanedmuIso ((leg2.leg2.pt()>20&&(leg2.leg2.chargedHadronIso()+max(leg2.leg2.photonIso()+leg2.leg2.neutralHadronIso()-0.5*leg2.leg2.userIso(0),0.0))/leg2.leg2.pt()<0.55)||(leg2.leg2.pt()<20&&(leg2.leg2.chargedHadronIso()+max(leg2.leg2.photonIso()+leg2.leg2.neutralHadronIso()-0.5*leg2.leg2.userIso(0),0.0))<7))
EEEMzzdZ abs(leg1.z1-leg1.z2)<0.1&&abs(leg1.z1-leg2.z1)<0.1&&abs(leg1.z1-leg2.z2)<0.1
EEEMzzCleanedCandsAboveThreshold leg1().leg1().pt()>20 && leg1().leg2().pt()>10 && leg2().leg1().pt()>10 &&leg2().leg2().pt()>10 && abs(leg2.leg1.eta())<2.5 && abs(leg2.leg2.eta())<2.4
EEEMzzCleanedCandsEleMuQ leg2.charge()==0
EEEMzzCleanedCandsEEMass leg1.mass()>60&&leg1.mass()<120
EEEMzzCleanedCandsEMMass leg2.mass()<90
EEEEosDiElectrons leg1.gsfTrack().trackerExpectedHitsInner().numberOfHits()<2&&leg2.gsfTrack().trackerExpectedHitsInner().numberOfHits()<2&&(leg1.electronID("cicTight")==1||leg1.electronID("cicTight")==3||leg1.electronID("cicTight")==5||leg1.electronID("cicTight")==7||leg1.electronID("cicTight")==9||leg1.electronID("cicTight")==11||leg1.electronID("cicTight")==13||leg1.electronID("cicTight")==15)&&(leg2.electronID("cicTight")==1||leg2.electronID("cicTight")==3||leg2.electronID("cicTight")==5||leg2.electronID("cicTight")==7||leg2.electronID("cicTight")==9||leg2.electronID("cicTight")==11||leg2.electronID("cicTight")==13||leg2.electronID("cicTight")==15)&&charge==0&&mass>40&&abs(leg1.eta())<2.5&&abs(leg2.eta())<2.5
EEEEzzEleIso (leg1.leg1.chargedHadronIso()+max(leg1.leg1.photonIso()+leg1.leg1.neutralHadronIso()-0.5*leg1.leg1.userIso(0),0.0))/leg1.leg1.pt()<0.25&&(leg1.leg2.chargedHadronIso()+max(leg1.leg2.photonIso()+leg1.leg2.neutralHadronIso()-0.5*leg1.leg2.userIso(0),0.0))/leg1.leg2.pt()<0.25
EEEEzzEleIDSecond ((leg2.leg1.electronID("cicTight")==1||leg2.leg1.electronID("cicTight")==3||leg2.leg1.electronID("cicTight")==5||leg2.leg1.electronID("cicTight")==7||leg2.leg1.electronID("cicTight")==9||leg2.leg1.electronID("cicTight")==11||leg2.leg1.electronID("cicTight")==13||leg2.leg1.electronID("cicTight")==15)&&(leg2.leg2.electronID("cicTight")==1||leg2.leg2.electronID("cicTight")==3||leg2.leg2.electronID("cicTight")==5||leg2.leg2.electronID("cicTight")==7||leg2.leg2.electronID("cicTight")==9||leg2.leg2.electronID("cicTight")==11||leg2.leg1.electronID("cicTight")==13||leg2.leg2.electronID("cicTight")==15))
EEEEzzEleIso2 (leg2.leg1.chargedHadronIso()+max(leg2.leg1.photonIso()+leg2.leg1.neutralHadronIso()-0.5*leg2.leg1.userIso(0),0.0))/leg2.leg1.pt()<0.25&&(leg2.leg2.chargedHadronIso()+max(leg2.leg2.photonIso()+leg2.leg2.neutralHadronIso()-0.5*leg2.leg2.userIso(0),0.0))/leg2.leg2.pt()<0.25
EEEEzzdZ abs(leg1.z1-leg1.z2)<0.1&&abs(leg1.z1-leg2.z1)<0.1&&abs(leg1.z1-leg2.z2)<0.1
EEEEzzCleanedCandsAboveThreshold leg1().leg1().pt()>20 && leg1().leg2().pt()>10 && leg2().leg1().pt()>7 &&leg2().leg2().pt()>7 && abs(leg2.leg2.eta())<2.5 && abs(leg2.leg2.eta())<2.5
EEEEzzCleanedCandsEleEleQ leg2.charge()==0
EEMMosDiElectrons leg1.gsfTrack().trackerExpectedHitsInner().numberOfHits()<2&&leg2.gsfTrack().trackerExpectedHitsInner().numberOfHits()<2&&(leg1.electronID("cicTight")==1||leg1.electronID("cicTight")==3||leg1.electronID("cicTight")==5||leg1.electronID("cicTight")==7||leg1.electronID("cicTight")==9||leg1.electronID("cicTight")==11||leg1.electronID("cicTight")==13||leg1.electronID("cicTight")==15)&&(leg2.electronID("cicTight")==1||leg2.electronID("cicTight")==3||leg2.electronID("cicTight")==5||leg2.electronID("cicTight")==7||leg2.electronID("cicTight")==9||leg2.electronID("cicTight")==11||leg2.electronID("cicTight")==13||leg2.electronID("cicTight")==15)&&charge==0&&mass>40&&abs(leg1.eta())<2.5&&abs(leg2.eta())<2.5
EEMMzzEleIso (leg1.leg1.chargedHadronIso()+max(leg1.leg1.photonIso()+leg1.leg1.neutralHadronIso()-0.5*leg1.leg1.userIso(0),0.0))/leg1.leg1.pt()<0.25&&(leg1.leg2.chargedHadronIso()+max(leg1.leg2.photonIso()+leg1.leg2.neutralHadronIso()-0.5*leg1.leg2.userIso(0),0.0))/leg1.leg2.pt()<0.25
EEMMzzMuIDSecondPair leg2.leg1.isGlobalMuon()&&leg2.leg2.isGlobalMuon()&&leg2.leg1.isTrackerMuon()&&leg2.leg2.isTrackerMuon()
EEMMzzMuIso2 (leg2.leg1.chargedHadronIso()+max(leg2.leg1.photonIso()+leg2.leg1.neutralHadronIso()-0.5*leg2.leg1.userIso(0),0.0))/leg2.leg1.pt()<0.25&&(leg2.leg2.chargedHadronIso()+max(leg2.leg2.photonIso()+leg2.leg2.neutralHadronIso()-0.5*leg2.leg2.userIso(0),0.0))/leg2.leg2.pt()<0.25
EEMMzzdZ abs(leg1.z1-leg1.z2)<0.1&&abs(leg1.z1-leg2.z1)<0.1&&abs(leg1.z1-leg2.z2)<0.1
EEMMzzCleanedCandsAboveThreshold leg1().leg1().pt()>20 && leg1().leg2().pt()>10 && leg2().leg1().pt()>5 &&leg2().leg2().pt()>5 && abs(leg2.leg2.eta())<2.5 && abs(leg2.leg2.eta())<2.5
EEMMzzCleanedCandsMuMuQ leg2.charge()==0
List Of Filters
['initialEventsMMMT', 'MMMTDiMuonCreation', 'MMMTAtLeastOneMuTau', 'MMMTAtLeastOneZZ', 'MMMTAtLeastOneZZCleanedCandidate', 'MMMTLeadingZMuID', 'MMMTLeadingZMuIso', 'MMMTSecondZMuID', 'MMMTTauDecayModeFinding', 'MMMTTauLeptonDiscrimantor', 'MMMTSecondZMuIso', 'MMMTTauLooseIsolation', 'MMMTdZ', 'MMMTAtLeastOneZZCandOverThresholds', 'MMMTMuTauCharge', 'MMMTMMMass', 'MMMTMTMass']
List Of Filters
['initialEventsMMTT', 'MMTT DiMuonCreation', 'MMTTAtLeastOneDiTau', 'MMTTAtLeastOneZZ', 'MMTTAtLeastOneZZCleanedCandidate', 'MMTTLeadingZMuID', 'MMTTLeadingZMuIso', 'MMTTDecayModeFinding', 'MMTTTauLeptonDiscrimantor', 'MMTTTauIsolation', 'MMTTdZ', 'MMTTAtLeastOneZZCandOverThresholds', 'MMTTHt', 'TauTauChargeMMTT', 'MMTTMMMass', 'MMTTTTMass']
List Of Filters
['initialEventsMMET', 'MMET DiMuonCreation', 'MMETAtLeastOneDiTau', 'MMETAtLeastOneZZ', 'MMETAtLeastOneZZCleanedCandidate', 'MMETLeadingZMuID', 'MMETLeadingZMuIso', 'MMETEleCiCTight', 'MMETDecayModeFinding', 'MMETEleIso', 'MMETTauLooseIsolation', 'MMETdZ', 'MMETAtLeastOneZZCandOverThresholds', 'MMETTauLeptonDiscrimantor', 'MMETEleTauCharge', 'MMETMMMass', 'MMETETMass']
List Of Filters
['initialEventsMMEM', 'MMEM DiMuonCreation', 'MMEMAtLeastOneDiTau', 'MMEMAtLeastOneZZ', 'MMEMAtLeastOneZZCleanedCandidate', 'MMEMLeadingZMuID', 'MMEMLeadingZMuIso', 'MMEMThirdMuID', 'MMEMEleCiCLoose', 'MMEMEleIso', 'MMEMMuIso', 'MMEMdZ', 'MMEMAtLeastOneZZCandOverThresholds', 'MMEMEleMuCharge', 'MMEMMMMass', 'MMEMEMMass']
List Of Filters
['initialEventsMMEE', 'MMEE DiMuonCreation', 'MMEEAtLeastOneEleEle', 'MMEEAtLeastOneZZ', 'MMEEAtLeastOneZZCleanedCandidate', 'MMEELeadingZMuID', 'MMEELeadingZMuIso', 'MMEEEleCiCTight', 'MMEEZEleIso', 'MMEEdZ', 'MMEEAtLeastOneZZCandOverThresholds', 'EleEleCharge']
List Of Filters
['initialEventsMMMM', 'MMMM DiMuonCreation', 'MMMMAtLeastOneZZ', 'MMMMAtLeastOneZZCleanedCandidate', 'MMMMLeadingZMuID', 'MMMMLeadingZMuIso', 'MMMMsecondPairID', 'MMMMSecondZMuIso', 'MMMMdZ', 'MMMMAtLeastOneZZCandOverThresholds', 'MMMMSecondZCharge']
List Of Filters
['initialEventsEEMT', 'EEMTDiEleCreation', 'EEMTAtLeastOneMuTau', 'EEMTAtLeastOneZZ', 'EEMTAtLeastOneZZCleanedCandidate', 'EEMTLeadingZEleIso', 'EEMTMuID', 'EEMTDecayModeFinding', 'EEMTSecondZMuIso', 'EEMTTauLooseIsolation', 'EEMTdZ', 'EEMTAtLeastOneZZCandOverThresholds', 'EEMTTauMuRejection', 'EEMTMuTauCharge', 'EEMTEEMass', 'EEMTMTMass']
List Of Filters
['initialEventsEEET', 'EEETDiEleCreation', 'EEETAtLeastOneEleTau', 'EEETAtLeastOneZZ', 'EEETAtLeastOneZZCleanedCandidate', 'EEETLeadingZEleIso', 'EEETTightThirdEleCiCTight', 'EEETDecayModeFinding', 'EEETSecondZEleIso', 'EEETTauLooseIsolation', 'EEETdZ', 'EEETAtLeastOneZZCandOverThresholds', 'EEETTauLepRejection', 'EEETEleTauCharge', 'EEETEEMass', 'EEETETMass']
List Of Filters
['initialEventsEETT', 'EETTDiEleCreation', 'EETTAtLeastOnediTau', 'EETTAtLeastOneZZ', 'EETTAtLeastOneZZCleanedCandidate', 'EETTLeadingZEleIso', 'EETTDecayModeFinding', 'EETTTauLooseIsolation', 'EETTdZ', 'EETTAtLeastOneZZCandOverThresholds', 'EETTTauMuRejection', 'TauTauChargeEETT', 'EETTEEMass', 'EETTTTMass']
List Of Filters
['initialEventsEEEM', 'EEEMDiEleCreation', 'EEEMAtLeastOneMuTau', 'EEEMAtLeastOneZZ', 'EEEMAtLeastOneZZCleanedCandidate', 'EEEMLeadingZEleIso', 'EEEMTightThirdEleCiCTight', 'EEEMMuID', 'EEEMSecondZEleIso', 'EEEMSecondZMuIso', 'EEEMMuIso', 'EEEMdZ', 'EEEMAtLeastOneZZCandOverThresholds', 'EEEMEleMuCharge', 'EEEMEEMass', 'EEEMEMMass']
List Of Filters
['initialEventsEEEE', 'EEEE DiEleCreation', 'EEEEAtLeastOneZZ', 'EEEEAtLeastOneZZCleanedCandidate', 'EEEELeadingZEleIso', 'EEEEsecondLegEleCiCTight', 'EEEESecondZEleIso', 'EEEEdZ', 'EEEEAtLeastOneZZCandOverThresholds', 'EEEESecondZCharge']
List Of Filters
['initialEventsEEMM', 'EEMM DiEleCreation', 'EEMMAtLeastOneZZ', 'EEMMAtLeastOneZZCleanedCandidate', 'EEMMLeadingZEleIso', 'EEMMsecondPairID', 'EEMMLeadingZMuIso', 'EEMMdZ', 'EEMMAtLeastOneZZCandOverThresholds', 'EEMMSecondZCharge']
12-Mar-2012 15:58:51 CDT  Initiating request to open file root://cmsxrootd.hep.wisc.edu//store/mc/Fall11/ZZTo4mu_7TeV-powheg-pythia6/AODSIM/PU_S6_START42_V14B-v1/0000/6CD72132-C4F8-E011-A32E-485B39800C0C.root
12-Mar-2012 15:58:52 CDT  Successfully opened file root://cmsxrootd.hep.wisc.edu//store/mc/Fall11/ZZTo4mu_7TeV-powheg-pythia6/AODSIM/PU_S6_START42_V14B-v1/0000/6CD72132-C4F8-E011-A32E-485B39800C0C.root
 reading configuration parameters for Branch = PVs
 reading configuration parameters for Branch = refitVertex
 reading configuration parameters for Branch = trigger
 reading configuration parameters for Branch = truth
 reading configuration parameters for Branch = PVs
 reading configuration parameters for Branch = refitVertex
 reading configuration parameters for Branch = trigger
 reading configuration parameters for Branch = truth
 reading configuration parameters for Branch = PVs
 reading configuration parameters for Branch = refitVertex
 reading configuration parameters for Branch = trigger
 reading configuration parameters for Branch = truth
 reading configuration parameters for Branch = JetsPt20
 reading configuration parameters for Branch = PVs
 reading configuration parameters for Branch = refitVertex
 reading configuration parameters for Branch = trigger
 reading configuration parameters for Branch = truth
 reading configuration parameters for Branch = JetsPt20
 reading configuration parameters for Branch = PVs
 reading configuration parameters for Branch = refitVertex
 reading configuration parameters for Branch = trigger
 reading configuration parameters for Branch = truth
 reading configuration parameters for Branch = JetsPt20
 reading configuration parameters for Branch = PVs
 reading configuration parameters for Branch = refitVertex
 reading configuration parameters for Branch = trigger
 reading configuration parameters for Branch = truth
 reading configuration parameters for Branch = JetsPt20
 reading configuration parameters for Branch = PVs
 reading configuration parameters for Branch = refitVertex
 reading configuration parameters for Branch = trigger
 reading configuration parameters for Branch = truth
 reading configuration parameters for Branch = JetsPt20
 reading configuration parameters for Branch = PVs
 reading configuration parameters for Branch = refitVertex
 reading configuration parameters for Branch = trigger
 reading configuration parameters for Branch = truth
 reading configuration parameters for Branch = JetsPt20
 reading configuration parameters for Branch = PVs
 reading configuration parameters for Branch = refitVertex
 reading configuration parameters for Branch = trigger
 reading configuration parameters for Branch = truth
 reading configuration parameters for Branch = JetsPt20
 reading configuration parameters for Branch = PVs
 reading configuration parameters for Branch = refitVertex
 reading configuration parameters for Branch = trigger
 reading configuration parameters for Branch = truth
 reading configuration parameters for Branch = JetsPt20
 reading configuration parameters for Branch = PVs
 reading configuration parameters for Branch = refitVertex
 reading configuration parameters for Branch = trigger
 reading configuration parameters for Branch = truth
 reading configuration parameters for Branch = JetsPt20
 reading configuration parameters for Branch = PVs
 reading configuration parameters for Branch = refitVertex
 reading configuration parameters for Branch = trigger
 reading configuration parameters for Branch = truth
 reading configuration parameters for Branch = JetsPt20
 reading configuration parameters for Branch = PVs
 reading configuration parameters for Branch = refitVertex
 reading configuration parameters for Branch = trigger
 reading configuration parameters for Branch = truth
 reading configuration parameters for Branch = JetsPt20
 reading configuration parameters for Branch = PVs
 reading configuration parameters for Branch = refitVertex
 reading configuration parameters for Branch = trigger
 reading configuration parameters for Branch = truth
 reading configuration parameters for Branch = JetsPt20
 reading configuration parameters for Branch = PVs
 reading configuration parameters for Branch = refitVertex
 reading configuration parameters for Branch = trigger
 reading configuration parameters for Branch = truth
 reading configuration parameters for Branch = JetsPt20
 reading configuration parameters for Branch = PVs
 reading configuration parameters for Branch = refitVertex
 reading configuration parameters for Branch = trigger
 reading configuration parameters for Branch = truth
 reading configuration parameters for Branch = JetsPt20
 reading configuration parameters for Branch = PVs
 reading configuration parameters for Branch = refitVertex
 reading configuration parameters for Branch = trigger
 reading configuration parameters for Branch = truth
 reading configuration parameters for Branch = JetsPt20
 reading configuration parameters for Branch = PVs
 reading configuration parameters for Branch = refitVertex
 reading configuration parameters for Branch = trigger
 reading configuration parameters for Branch = truth
 reading configuration parameters for Branch = JetsPt20
 reading configuration parameters for Branch = PVs
 reading configuration parameters for Branch = refitVertex
 reading configuration parameters for Branch = trigger
 reading configuration parameters for Branch = truth
 reading configuration parameters for Branch = JetsPt20
 reading configuration parameters for Branch = PVs
 reading configuration parameters for Branch = refitVertex
 reading configuration parameters for Branch = trigger
 reading configuration parameters for Branch = truth
 reading configuration parameters for Branch = JetsPt20
 reading configuration parameters for Branch = PVs
 reading configuration parameters for Branch = refitVertex
 reading configuration parameters for Branch = trigger
 reading configuration parameters for Branch = truth
 reading configuration parameters for Branch = JetsPt20
 reading configuration parameters for Branch = PVs
 reading configuration parameters for Branch = refitVertex
 reading configuration parameters for Branch = trigger
 reading configuration parameters for Branch = truth
 reading configuration parameters for Branch = JetsPt20
 reading configuration parameters for Branch = PVs
 reading configuration parameters for Branch = refitVertex
 reading configuration parameters for Branch = trigger
 reading configuration parameters for Branch = truth
 reading configuration parameters for Branch = JetsPt20
 reading configuration parameters for Branch = PVs
 reading configuration parameters for Branch = refitVertex
 reading configuration parameters for Branch = trigger
 reading configuration parameters for Branch = truth
 reading configuration parameters for Branch = JetsPt20
 reading configuration parameters for Branch = PVs
 reading configuration parameters for Branch = refitVertex
 reading configuration parameters for Branch = trigger
 reading configuration parameters for Branch = truth
 reading configuration parameters for Branch = JetsPt20
 reading configuration parameters for Branch = PVs
 reading configuration parameters for Branch = refitVertex
 reading configuration parameters for Branch = trigger
 reading configuration parameters for Branch = truth
 reading configuration parameters for Branch = JetsPt20
 reading configuration parameters for Branch = PVs
 reading configuration parameters for Branch = refitVertex
 reading configuration parameters for Branch = trigger
 reading configuration parameters for Branch = truth
 reading configuration parameters for Branch = JetsPt20
 reading configuration parameters for Branch = PVs
 reading configuration parameters for Branch = refitVertex
 reading configuration parameters for Branch = trigger
 reading configuration parameters for Branch = truth
 reading configuration parameters for Branch = JetsPt20
 reading configuration parameters for Branch = PVs
 reading configuration parameters for Branch = refitVertex
 reading configuration parameters for Branch = trigger
 reading configuration parameters for Branch = truth
 reading configuration parameters for Branch = JetsPt20
 reading configuration parameters for Branch = PVs
 reading configuration parameters for Branch = refitVertex
 reading configuration parameters for Branch = trigger
 reading configuration parameters for Branch = truth
 reading configuration parameters for Branch = JetsPt20
 reading configuration parameters for Branch = PVs
 reading configuration parameters for Branch = refitVertex
 reading configuration parameters for Branch = trigger
 reading configuration parameters for Branch = truth
 reading configuration parameters for Branch = JetsPt20
 reading configuration parameters for Branch = PVs
 reading configuration parameters for Branch = refitVertex
 reading configuration parameters for Branch = trigger
 reading configuration parameters for Branch = truth
 reading configuration parameters for Branch = JetsPt20
 reading configuration parameters for Branch = PVs
 reading configuration parameters for Branch = refitVertex
 reading configuration parameters for Branch = trigger
 reading configuration parameters for Branch = truth
 reading configuration parameters for Branch = JetsPt20
 reading configuration parameters for Branch = PVs
 reading configuration parameters for Branch = refitVertex
 reading configuration parameters for Branch = trigger
 reading configuration parameters for Branch = truth
 reading configuration parameters for Branch = JetsPt20
 reading configuration parameters for Branch = PVs
 reading configuration parameters for Branch = refitVertex
 reading configuration parameters for Branch = trigger
 reading configuration parameters for Branch = truth
 reading configuration parameters for Branch = JetsPt20
 reading configuration parameters for Branch = PVs
 reading configuration parameters for Branch = Rho
 reading configuration parameters for Branch = refitVertex
 reading configuration parameters for Branch = trigger
 reading configuration parameters for Branch = truth
 reading configuration parameters for Branch = JetsPt20
 reading configuration parameters for Branch = PVs
 reading configuration parameters for Branch = Rho
 reading configuration parameters for Branch = refitVertex
 reading configuration parameters for Branch = trigger
 reading configuration parameters for Branch = truth
 reading configuration parameters for Branch = JetsPt20
 reading configuration parameters for Branch = PVs
 reading configuration parameters for Branch = Rho
 reading configuration parameters for Branch = refitVertex
 reading configuration parameters for Branch = trigger
 reading configuration parameters for Branch = truth
Begin processing the 1st record. Run 1, Event 54970, LumiSection 1 at 12-Mar-2012 15:59:07.519 CDT
Begin processing the 101st record. Run 1, Event 55070, LumiSection 1 at 12-Mar-2012 16:00:58.049 CDT
Begin processing the 201st record. Run 1, Event 55170, LumiSection 1 at 12-Mar-2012 16:02:21.838 CDT
%MSG-w AdaptiveVertexFitter:   SecondaryVertexProducer:secondaryVertexTagInfosAOD 12-Mar-2012 16:03:34 CDT  Run: 1 Event: 55257
Vertex candidate just took off to  (-23.4217,-122.624,26.0845) ! Will discard this update!
%MSG
%MSG-w AdaptiveVertexFitter:   SecondaryVertexProducer:secondaryVertexTagInfosAOD 12-Mar-2012 16:03:34 CDT  Run: 1 Event: 55257
Vertex candidate just took off to  (-21.0486,-120.262,28.4663) ! Will discard this update!
%MSG
%MSG-w AdaptiveVertexFitter:   SecondaryVertexProducer:secondaryVertexTagInfosAOD 12-Mar-2012 16:03:34 CDT  Run: 1 Event: 55257
Vertex candidate just took off to  (-23.4225,-122.625,26.0847) ! Will discard this update!
%MSG
%MSG-w AdaptiveVertexFitter:   SecondaryVertexProducer:secondaryVertexTagInfosAOD 12-Mar-2012 16:03:34 CDT  Run: 1 Event: 55257
Vertex candidate just took off to  (-20.8661,-120.082,28.3934) ! Will discard this update!
%MSG
%MSG-w AdaptiveVertexFitter:   SecondaryVertexProducer:secondaryVertexTagInfosAOD 12-Mar-2012 16:03:34 CDT  Run: 1 Event: 55257
Vertex candidate just took off to  (-23.4253,-122.628,26.0855) ! Will discard this update!
%MSG
%MSG-w AdaptiveVertexFitter:   SecondaryVertexProducer:secondaryVertexTagInfosAOD 12-Mar-2012 16:03:34 CDT  Run: 1 Event: 55257
Vertex candidate just took off to  (-20.2584,-119.483,28.1507) ! Will discard this update!
%MSG
%MSG-w AdaptiveVertexFitter:   SecondaryVertexProducer:secondaryVertexTagInfosAOD 12-Mar-2012 16:03:34 CDT  Run: 1 Event: 55257
Vertex candidate just took off to  (-23.429,-122.633,26.0866) ! Will discard this update!
%MSG
%MSG-w AdaptiveVertexFitter:   SecondaryVertexProducer:secondaryVertexTagInfosAOD 12-Mar-2012 16:03:34 CDT  Run: 1 Event: 55257
Vertex candidate just took off to  (-19.4639,-118.7,27.8333) ! Will discard this update!
%MSG
%MSG-w AdaptiveVertexFitter:   SecondaryVertexProducer:secondaryVertexTagInfosAOD 12-Mar-2012 16:03:34 CDT  Run: 1 Event: 55257
Vertex candidate just took off to  (-23.4294,-122.633,26.0867) ! Will discard this update!
%MSG
%MSG-w AdaptiveVertexFitter:   SecondaryVertexProducer:secondaryVertexTagInfosAOD 12-Mar-2012 16:03:34 CDT  Run: 1 Event: 55257
Vertex candidate just took off to  (-19.3743,-118.611,27.7975) ! Will discard this update!
%MSG
%MSG-w AdaptiveVertexFitter:   SecondaryVertexProducer:secondaryVertexTagInfosAOD 12-Mar-2012 16:03:34 CDT  Run: 1 Event: 55257
Vertex candidate just took off to  (-23.4294,-122.633,26.0867) ! Will discard this update!
%MSG
%MSG-w AdaptiveVertexFitter:   SecondaryVertexProducer:secondaryVertexTagInfosAOD 12-Mar-2012 16:03:34 CDT  Run: 1 Event: 55257
Vertex candidate just took off to  (-19.3739,-118.611,27.7974) ! Will discard this update!
%MSG
%MSG-w AdaptiveVertexFitter:   SecondaryVertexProducer:secondaryVertexTagInfosAOD 12-Mar-2012 16:03:34 CDT  Run: 1 Event: 55257
Vertex candidate just took off to  (-23.4294,-122.633,26.0867) ! Will discard this update!
%MSG
%MSG-w AdaptiveVertexFitter:   SecondaryVertexProducer:secondaryVertexTagInfosAOD 12-Mar-2012 16:03:34 CDT  Run: 1 Event: 55257
Vertex candidate just took off to  (-19.3739,-118.611,27.7974) ! Will discard this update!
%MSG
Begin processing the 301st record. Run 1, Event 55270, LumiSection 1 at 12-Mar-2012 16:03:43.457 CDT
12-Mar-2012 16:05:11 CDT  Closed file root://cmsxrootd.hep.wisc.edu//store/mc/Fall11/ZZTo4mu_7TeV-powheg-pythia6/AODSIM/PU_S6_START42_V14B-v1/0000/6CD72132-C4F8-E011-A32E-485B39800C0C.root

=============================================

MessageLogger Summary

 type     category        sev    module        subroutine        count    total
 ---- -------------------- -- ---------------- ----------------  -----    -----
    1 AdaptiveVertexFitter -w SecondaryVertexP                      14       14
    2 fileAction           -s file_close                             1        1
    3 fileAction           -s file_open                              2        2

 type    category    Examples: run/evt        run/evt          run/evt
 ---- -------------------- ---------------- ---------------- ----------------
    1 AdaptiveVertexFitter 1/55257          1/55257          1/55257
    2 fileAction           PostEndRun                        
    3 fileAction           pre-events       pre-events       

Severity    # Occurrences   Total Occurrences
--------    -------------   -----------------
Warning                14                  14
System                  3                   3
